app/build/outputs/mapping/release/configuration.txt
# The proguard configuration file for the following section is release\processReleaseResources\aapt_rules.txt
-keep class androidx.core.app.CoreComponentFactory { <init>(); }
-keep class androidx.core.content.FileProvider { <init>(); }
-keep class androidx.profileinstaller.ProfileInstallReceiver { <init>(); }
-keep class androidx.startup.InitializationProvider { <init>(); }
-keep class com.huya.berry.webview.BerryWebActivity { <init>(); }
-keep class com.huya.berry.webview.ImagePickerActivity { <init>(); }
-keep class com.huya.berry.webview.WebViewActivity { <init>(); }
-keep class com.tv.live.BootJobService { <init>(); }
-keep class com.tv.live.BootReceiver { <init>(); }
-keep class com.tv.live.BootStartForegroundService { <init>(); }
-keep class com.tv.live.BootStartReceiver { <init>(); }
-keep class com.tv.live.CrashActivity { <init>(); }
-keep class com.tv.live.MainActivity { <init>(); }
-keep class com.tv.live.MyApplication { <init>(); }
-keep class com.tv.live.tv.LiveTvInputService { <init>(); }
-keep class com.tv.live.tv.SetupActivity { <init>(); }
-keep class com.yy.open.activity.AssistActivity { <init>(); }
-keep class com.yy.open.activity.BridgeActivity { <init>(); }
-keep class android.widget.Space { <init>(android.content.Context, android.util.AttributeSet); }

-keep class androidx.appcompat.app.AlertController$RecycleListView { <init>(android.content.Context, android.util.AttributeSet); }

-keep class androidx.appcompat.view.menu.ActionMenuItemView { <init>(android.content.Context, android.util.AttributeSet); }

-keep class androidx.appcompat.view.menu.ExpandedMenuView { <init>(android.content.Context, android.util.AttributeSet); }

-keep class androidx.appcompat.view.menu.ListMenuItemView { <init>(android.content.Context, android.util.AttributeSet); }

-keep class androidx.appcompat.widget.ActionBarContainer { <init>(android.content.Context, android.util.AttributeSet); }

-keep class androidx.appcompat.widget.ActionBarContextView { <init>(android.content.Context, android.util.AttributeSet); }

-keep class androidx.appcompat.widget.ActionBarOverlayLayout { <init>(android.content.Context, android.util.AttributeSet); }

-keep class androidx.appcompat.widget.ActionMenuView { <init>(android.content.Context, android.util.AttributeSet); }

-keep class androidx.appcompat.widget.ActivityChooserView$InnerLayout { <init>(android.content.Context, android.util.AttributeSet); }

-keep class androidx.appcompat.widget.AlertDialogLayout { <init>(android.content.Context, android.util.AttributeSet); }

-keep class androidx.appcompat.widget.ButtonBarLayout { <init>(android.content.Context, android.util.AttributeSet); }

-keep class androidx.appcompat.widget.ContentFrameLayout { <init>(android.content.Context, android.util.AttributeSet); }

-keep class androidx.appcompat.widget.DialogTitle { <init>(android.content.Context, android.util.AttributeSet); }

-keep class androidx.appcompat.widget.FitWindowsFrameLayout { <init>(android.content.Context, android.util.AttributeSet); }

-keep class androidx.appcompat.widget.FitWindowsLinearLayout { <init>(android.content.Context, android.util.AttributeSet); }

-keep class androidx.appcompat.widget.SearchView$SearchAutoComplete { <init>(android.content.Context, android.util.AttributeSet); }

-keep class androidx.appcompat.widget.SwitchCompat { <init>(android.content.Context, android.util.AttributeSet); }

-keep class androidx.appcompat.widget.Toolbar { <init>(android.content.Context, android.util.AttributeSet); }

-keep class androidx.appcompat.widget.ViewStubCompat { <init>(android.content.Context, android.util.AttributeSet); }

-keep class androidx.core.widget.NestedScrollView { <init>(android.content.Context, android.util.AttributeSet); }

-keep class androidx.media3.ui.AspectRatioFrameLayout { <init>(android.content.Context, android.util.AttributeSet); }

-keep class androidx.media3.ui.PlayerView { <init>(android.content.Context, android.util.AttributeSet); }

-keep class androidx.media3.ui.SubtitleView { <init>(android.content.Context, android.util.AttributeSet); }

-keep class androidx.media3.ui.TrackSelectionView { <init>(android.content.Context, android.util.AttributeSet); }

-keep class androidx.recyclerview.widget.RecyclerView { <init>(android.content.Context, android.util.AttributeSet); }

-keep class androidx.swiperefreshlayout.widget.SwipeRefreshLayout { <init>(android.content.Context, android.util.AttributeSet); }

-keep class androidx.viewpager.widget.ViewPager { <init>(android.content.Context, android.util.AttributeSet); }

-keep class com.duowan.kiwi.barrage.BarrageGLSurfaceViewForFloating { <init>(android.content.Context, android.util.AttributeSet); }

-keep class com.huya.android.support.v7.widget.RecyclerView { <init>(android.content.Context, android.util.AttributeSet); }

-keep class com.huya.berry.gamesdk.widgets.CommonTopBar { <init>(android.content.Context, android.util.AttributeSet); }

-keep class com.huya.berry.gamesdk.widgets.ComnTextView { <init>(android.content.Context, android.util.AttributeSet); }

-keep class com.huya.berry.gamesdk.widgets.MarqueeTextView { <init>(android.content.Context, android.util.AttributeSet); }

-keep class com.huya.berry.sdklive.liveTool.SessionLinearLayout { <init>(android.content.Context, android.util.AttributeSet); }

-keep class com.huya.berry.sdklive.living.messageboard.ui.ChatListBrowser { <init>(android.content.Context, android.util.AttributeSet); }

-keep class com.huya.berry.sdklive.living.messageboard.ui.ChatSigTextView { <init>(android.content.Context, android.util.AttributeSet); }

-keep class com.huya.berry.sdkplayer.floats.view.HyberryVideoView { <init>(android.content.Context, android.util.AttributeSet); }

-keep class com.huya.berry.sdkplayer.floats.view.PlayerView { <init>(android.content.Context, android.util.AttributeSet); }

-keep class com.huya.berry.sdkplayer.floats.view.PromptTextView { <init>(android.content.Context, android.util.AttributeSet); }

-keep class com.huyaudb.webview.HuyaAuthWebView { <init>(android.content.Context, android.util.AttributeSet); }


# End of content from release\processReleaseResources\aapt_rules.txt
# The proguard configuration file for the following section is default_proguard_files\global\proguard-android.txt-8.8.0
# This is a configuration file for ProGuard.
# http://proguard.sourceforge.net/index.html#manual/usage.html
#
# Starting with version 2.2 of the Android plugin for Gradle, this file is distributed together with
# the plugin and unpacked at build-time. The files in $ANDROID_HOME are no longer maintained and
# will be ignored by new version of the Android plugin for Gradle.

# Optimization is turned off by default. Dex does not like code run
# through the ProGuard optimize steps (and performs some
# of these optimizations on its own).
# Note that if you want to enable optimization, you cannot just
# include optimization flags in your own project configuration file;
# instead you will need to point to the
# "proguard-android-optimize.txt" file instead of this one from your
# project.properties file.
-dontoptimize

# Preserve some attributes that may be required for reflection.
-keepattributes AnnotationDefault,
                EnclosingMethod,
                InnerClasses,
                RuntimeVisibleAnnotations,
                RuntimeVisibleParameterAnnotations,
                RuntimeVisibleTypeAnnotations,
                Signature

-keep public class com.google.vending.licensing.ILicensingService
-keep public class com.android.vending.licensing.ILicensingService
-keep public class com.google.android.vending.licensing.ILicensingService
-dontnote com.android.vending.licensing.ILicensingService
-dontnote com.google.vending.licensing.ILicensingService
-dontnote com.google.android.vending.licensing.ILicensingService

# For native methods, see https://www.guardsquare.com/manual/configuration/examples#native
-keepclasseswithmembernames,includedescriptorclasses class * {
    native <methods>;
}

# Keep setters in Views so that animations can still work.
-keepclassmembers public class * extends android.view.View {
    void set*(***);
    *** get*();
}

# We want to keep methods in Activity that could be used in the XML attribute onClick.
-keepclassmembers class * extends android.app.Activity {
    public void *(android.view.View);
}

# For enumeration classes, see https://www.guardsquare.com/manual/configuration/examples#enumerations
-keepclassmembers enum * {
    public static **[] values();
    public static ** valueOf(java.lang.String);
}

-keepclassmembers class * implements android.os.Parcelable {
    public static final ** CREATOR;
}

# Preserve annotated Javascript interface methods.
-keepclassmembers class * {
    @android.webkit.JavascriptInterface <methods>;
}

# The support libraries contains references to newer platform versions.
# Don't warn about those in case this app is linking against an older
# platform version. We know about them, and they are safe.
-dontnote android.support.**
-dontnote androidx.**
-dontwarn android.support.**
-dontwarn androidx.**

# Understand the @Keep support annotation.
-keep class android.support.annotation.Keep

-keep @android.support.annotation.Keep class * {*;}

-keepclasseswithmembers class * {
    @android.support.annotation.Keep <methods>;
}

-keepclasseswithmembers class * {
    @android.support.annotation.Keep <fields>;
}

-keepclasseswithmembers class * {
    @android.support.annotation.Keep <init>(...);
}

# These classes are duplicated between android.jar and org.apache.http.legacy.jar.
-dontnote org.apache.http.**
-dontnote android.net.http.**

# These classes are duplicated between android.jar and core-lambda-stubs.jar.
-dontnote java.lang.invoke.**

# End of content from default_proguard_files\global\proguard-android.txt-8.8.0
# The proguard configuration file for the following section is 1\app\proguard-rules.pro
-dontobfuscate
-dontshrink
-keepparameternames
-keepattributes EnclosingMethod,InnerClasses,Signature,*Annotation*,AnnotationDefault,MethodParameters
-keepattributes SourceFile,LineNumberTable
-renamesourcefileattribute SourceFile

# 🔴 虎牙 SDK 核心模块保留 - 仅保留直播核心功能，移除无用模块
# 基础网络与数据层
-keep class com.huya.mtp.hyns.** { *; }
-keep interface com.huya.mtp.hyns.** { *; }
-keep class com.huya.mtp.utils.** { *; }
-keep interface com.huya.mtp.utils.** { *; }
-keep class com.huya.mtp.downloader.** { *; }
-keep class com.huya.mtp.multithreaddownload.** { *; }
-keep class com.huya.mtp.nsdt.** { *; }
-keep class com.huya.mtp.dimens.** { *; }
-keep class com.huya.mtp.http.** { *; }
-keep class com.huya.mtp.anotation.** { *; }
-keep class com.huya.mtp.ciku.apm.** { *; }

# 直播核心逻辑
-keep class com.huya.berry.client.** { *; }
-keep interface com.huya.berry.client.** { *; }
-keep class com.huya.berry.sdklive.** { *; }
-keep interface com.huya.berry.sdklive.** { *; }
-keep class com.huya.berry.sdkplayer.** { *; }
-keep interface com.huya.berry.sdkplayer.** { *; }
-keep class com.huya.berry.sdklivelist.** { *; }
-keep interface com.huya.berry.sdklivelist.** { *; }
-keep class com.huya.berry.module.** { *; }
-keep interface com.huya.berry.module.** { *; }

# 网络信号与DNS
-keep class com.huya.hysignal.** { *; }
-keep interface com.huya.hysignal.** { *; }
-keep class com.huya.hyhttpdns.** { *; }

# 通用直播工具
-keep class com.huya.live.common.** { *; }
-keep class com.huya.live.utils.** { *; }

# 允许 R8 移除以下非核心模块（用于减小体积）：
# -keep class com.huya.berry.gamesdk.** { *; }
# -keep class com.huya.berry.webview.** { *; }
# -keep class com.huya.berry.forcelive.** { *; }
# -keep class com.huya.berry.endlive.** { *; }
# -keep class com.huya.berry.sdkcamera.** { *; }
# -keep class com.huya.berry.login.** { *; }
# -keep class com.huya.component.login.** { *; }
# -keep class com.huya.berry.modifynickname.** { *; }
# -keep class com.huya.berry.modifytitle.** { *; }
# -keep class com.huya.mtp.hycloudgame.** { *; }

-dontwarn retrofit2.**
-dontwarn io.reactivex.**
-dontwarn org.reactivestreams.**

# 🔴 Retrofit + RxJava 全面保护 - 虎牙 SDK 依赖这些做网络请求
-keepattributes Signature,Exceptions,*Annotation*
-keep class retrofit2.** { *; }
-keep interface retrofit2.** { *; }
-keepclasseswithmembers interface * {
    @retrofit2.http.* <methods>;
}
-keepclasseswithmembers class * {
    @retrofit2.http.* <methods>;
}
-keep class rx.** { *; }
-keep class rx.schedulers.** { *; }
-keep class io.reactivex.** { *; }
-keep class io.reactivex.schedulers.** { *; }
-keep class org.reactivestreams.** { *; }
-keep class com.squareup.okhttp3.** { *; }
-keep interface com.squareup.okhttp3.** { *; }
-keep class okhttp3.** { *; }
-keep interface okhttp3.** { *; }
-keep class okio.** { *; }

-optimizationpasses 2
-allowaccessmodification
-dontusemixedcaseclassnames
-dontskipnonpubliclibraryclasses
-dontpreverify
-verbose

-keepclasseswithmembernames class * {
    native <methods>;
}
-keep class com.huya.security.** { *; }
-keep class com.huya.hydeviceid.** { *; }
-keep class **.NativeBridge { *; }
-keepclasseswithmembers class com.huya.** {
    native <methods>;
}
-keepclasseswithmembers class com.duowan.** {
    native <methods>;
}
-keepclassmembers class * {
    native <methods>;
}
-keepnames class com.huya.security.** { *; }
-keepnames class com.huya.hydeviceid.** { *; }
-keepnames class **.NativeBridge { *; }

-keepclassmembers class * extends android.app.Activity {
    public void *(android.view.View);
}
-keepclassmembers enum * {
    public static **[] values();
    public static ** valueOf(java.lang.String);
}

-keep class com.tv.live.MainActivity { *; }
-keep class com.tv.live.CrashActivity { *; }
-keep class com.tv.live.MyApplication { *; }
-keep class com.tv.live.BootStartReceiver { *; }
-keep class com.tv.live.BootReceiver { *; }
-keep class com.tv.live.jsparser.JsLayer$ParserJsInterface { *; }
-keepclassmembers class com.tv.live.jsparser.** {
    public <methods>;
}
-keep class com.tv.live.Channel { *; }
-keep class com.tv.live.Channel$EpgItem { *; }
-keep class com.tv.live.Channel$Variant { *; }
-keep class com.tv.live.SourceManager$SourceItem { *; }

-keep class androidx.media3.ui.PlayerView {
    public <init>(...);
}
-keep class androidx.media3.ui.AspectRatioFrameLayout {
    public <init>(...);
}
-keep class androidx.media3.common.C { *; }
-keep class androidx.media3.common.C$* { *; }
-keep class androidx.media3.common.Format { *; }
-keep interface androidx.media3.common.Player { *; }
-keep class androidx.media3.common.Player$* { *; }
-keep class androidx.media3.common.util.UnstableApi { *; }
-dontwarn androidx.media3.**

-dontwarn okhttp3.**
-dontwarn okio.**
-keep class com.google.zxing.common.BitMatrix { *; }
-keep class com.google.zxing.qrcode.QRCodeWriter { *; }
-keep class com.google.zxing.BarcodeFormat { *; }

-dontwarn com.huya.**
-dontwarn com.duowan.**
-dontwarn com.tencent.**
-dontwarn com.alibaba.**
-dontwarn org.apache.**

-dontwarn com.huya.berry.module.audio.**
-dontwarn com.huya.berry.module.push.**
-dontwarn com.huya.berry.module.rtc.**
-dontwarn com.huya.berry.module.capture.**
-dontwarn com.huya.berry.module.player.**

-dontwarn com.duowan.android.avp.**
-dontwarn com.duowan.mobile.netroid.**
-dontwarn com.duowan.mobile.yt.**

-dontwarn com.nostra13.**
-dontwarn com.lidroid.xutils.**
-dontwarn com.squareup.picasso.**
-dontwarn com.bumptech.glide.**
-dontwarn uk.co.senab.photoview.**
-dontwarn it.sephiroth.android.library.**
-dontwarn com.dd.morphingbutton.**
-dontwarn com.facebook.drawee.**
-dontwarn com.facebook.imagepipeline.**
-dontwarn com.facebook.common.**
-dontwarn org.android.**
-dontwarn com.loopj.android.**
-dontwarn com.etsy.android.grid.**
-dontwarn com.handmark.pulltorefresh.**
-dontwarn com.tjerkw.**
-dontwarn org.zeroturnaround.**
-dontwarn com.stericson.roottools.**
-dontwarn stericson.RootTools.**
-dontwarn com.stericson.RootShell.**
-dontwarn stericson.RootShell.**

# R8优化移除日志调用
-assumenosideeffects class android.util.Log {
    public static int d(java.lang.String, java.lang.String);
    public static int i(java.lang.String, java.lang.String);
    public static int w(java.lang.String, java.lang.String);
    public static int e(java.lang.String, java.lang.String);
    public static int v(java.lang.String, java.lang.String);
}
-assumenosideeffects class java.lang.System {
    public static void println(java.lang.String);
    public static void println(java.lang.Object);
}
-assumenosideeffects class java.lang.Throwable {
    public void printStackTrace();
}

# End of content from 1\app\proguard-rules.pro
# The proguard configuration file for the following section is transformed\jetified-base-channelinfo-release\proguard.txt

# End of content from transformed\jetified-base-channelinfo-release\proguard.txt
# The proguard configuration file for the following section is transformed\jetified-common-gamesdk-module-release\proguard.txt

# End of content from transformed\jetified-common-gamesdk-module-release\proguard.txt
# The proguard configuration file for the following section is transformed\jetified-common-gamesdk-release\proguard.txt

# End of content from transformed\jetified-common-gamesdk-release\proguard.txt
# The proguard configuration file for the following section is transformed\jetified-crashreport-3.0.0\proguard.txt

# End of content from transformed\jetified-crashreport-3.0.0\proguard.txt
# The proguard configuration file for the following section is transformed\jetified-dimens-1.0.41\proguard.txt

# End of content from transformed\jetified-dimens-1.0.41\proguard.txt
# The proguard configuration file for the following section is transformed\jetified-httputils-1.4.200\proguard.txt

# End of content from transformed\jetified-httputils-1.4.200\proguard.txt
# The proguard configuration file for the following section is transformed\jetified-hycloudgame-base-1.9.105-exvolley\proguard.txt

# End of content from transformed\jetified-hycloudgame-base-1.9.105-exvolley\proguard.txt
# The proguard configuration file for the following section is transformed\jetified-hydeviceid-1.5.24-np\proguard.txt

# End of content from transformed\jetified-hydeviceid-1.5.24-np\proguard.txt
# The proguard configuration file for the following section is transformed\jetified-hyns-proxy-socket-1.9.105-exvolley\proguard.txt

# End of content from transformed\jetified-hyns-proxy-socket-1.9.105-exvolley\proguard.txt
# The proguard configuration file for the following section is transformed\jetified-hynsretrofit-1.9.105-exvolley\proguard.txt

# End of content from transformed\jetified-hynsretrofit-1.9.105-exvolley\proguard.txt
# The proguard configuration file for the following section is transformed\jetified-hynssignal-1.9.105-exvolley\proguard.txt
# Add project specific ProGuard rules here.
# You can control the set of applied configuration files using the
# proguardFiles setting in build.gradle.
#
# For more details, see
#   http://developer.android.com/guide/developing/tools/proguard.html

# If your project uses WebView with JS, uncomment the following
# and specify the fully qualified class name to the JavaScript interface
# class:
#-keepclassmembers class fqcn.of.javascript.interface.for.webview {
#   public *;
#}

# Uncomment this to preserve the line number information for
# debugging stack traces.
#-keepattributes SourceFile,LineNumberTable

# If you keep the line number information, uncomment this to
# hide the original source file name.
#-renamesourcefileattribute SourceFile

-keep class com.tencent.mars.** { *; }
-keep class com.huya.mtp.nsdt.** { *; }
-keep @com.huya.mtp.hyns.wup.WupServant class * {*;}
-keep @com.huya.mtp.hyns.volley.HttpUrlApi class * {*;}
# End of content from transformed\jetified-hynssignal-1.9.105-exvolley\proguard.txt
# The proguard configuration file for the following section is transformed\jetified-mmkv-1.0.12\proguard.txt
# Keep all native methods, their classes and any classes in their descriptors
-keepclasseswithmembers,includedescriptorclasses class com.tencent.mmkv.** {
    native <methods>;
    long nativeHandle;
}