app/build/outputs/mapping/release/seeds.txt
com.tv.live.MainActivity
com.tv.live.Channel
com.tv.live.Channel$EpgItem
com.tv.live.BootJobService
com.tv.live.SourceManager$SourceItem
com.tv.live.BootReceiver
com.tv.live.jsparser.JsLayer$ParserJsInterface
com.tv.live.MyApplication
com.tv.live.BootStartReceiver
com.tv.live.tv.LiveTvInputService
com.tv.live.tv.SetupActivity
com.tv.live.CrashActivity
com.tv.live.BootStartForegroundService
com.tv.live.MainActivity: java.lang.Runnable numberInputConfirmTask
com.tv.live.MainActivity: java.lang.ref.WeakReference mInstanceRef
com.tv.live.BootReceiver: java.lang.String ACTION_POWER_CONNECTED
com.tv.live.MainActivity: com.tv.live.manager.ScreenRatioManager screenRatioManager
com.tv.live.MainActivity: long OK_LONG_PRESS_DURATION
com.tv.live.BootReceiver: java.lang.String ACTION_QUICKBOOT_POWERON
com.tv.live.Channel: int currentLineIndex
com.tv.live.MainActivity: com.tv.live.manager.GestureManager gestureManager
com.tv.live.MainActivity: java.lang.Runnable longPressSeekRunnable
com.tv.live.MainActivity: boolean pipEnable
com.tv.live.BootReceiver: long START_DELAY_MS
com.tv.live.BootReceiver: java.lang.String ACTION_USER_PRESENT
com.tv.live.MainActivity: android.widget.TextView tvLogContent
com.tv.live.MainActivity: com.tv.live.PictureInPictureManager pipManager
com.tv.live.MainActivity: boolean logWindowVisible
com.tv.live.Channel: int huyaRoomId
com.tv.live.Channel: java.lang.String mainPlayUrl
com.tv.live.MainActivity: boolean okKeyLongPressed
com.tv.live.MainActivity: com.tv.live.manager.InfoDisplayManager infoDisplayManager
com.tv.live.SourceManager$SourceItem: boolean isDefault
com.tv.live.MainActivity: android.content.SharedPreferences sp
com.tv.live.BootReceiver: java.lang.String ACTION_BOOT_COMPLETED
com.tv.live.Channel$EpgItem: java.lang.String time
com.tv.live.MainActivity: long SEEK_REPEAT_INTERVAL_MS
com.tv.live.MainActivity: android.view.View logWindowContainer
com.tv.live.MainActivity: boolean isInCatchUpMode
com.tv.live.MainActivity: com.tv.live.MainActivity$PlayerTouchListener touchListener
com.tv.live.MainActivity: androidx.media3.ui.PlayerView playerView
com.tv.live.MainActivity: com.tv.live.manager.PlayerControlManager playerControlManager
com.tv.live.MainActivity: com.tv.live.TVPlayerManager mPlayerManager
com.tv.live.Channel: android.os.Parcelable$Creator CREATOR
com.tv.live.BootReceiver: java.lang.String ACTION_SCREEN_ON
com.tv.live.MainActivity: java.lang.StringBuilder numberInputBuffer
com.tv.live.BootStartReceiver: java.lang.String TAG
com.tv.live.MainActivity: long settingsCloseTime
com.tv.live.BootReceiver: java.lang.String ACTION_QUICKBOOT_POWERON_HTC
com.tv.live.BootReceiver: int BOOT_JOB_ID
com.tv.live.MainActivity: long okKeyDownTime
com.tv.live.SourceManager$SourceItem: long addTime
com.tv.live.MainActivity: int currentPlayIndex
com.tv.live.Channel: java.util.List huyaLineLabels
com.tv.live.MainActivity: boolean okKeyTriggered
com.tv.live.BootReceiver: java.lang.String SP_KEY_LAST_BOOT_START
com.tv.live.BootReceiver: java.lang.String ACTION_LOCKED_BOOT_COMPLETED
com.tv.live.MainActivity: boolean channel_reverse
com.tv.live.BootReceiver: long MIN_START_INTERVAL_MS
com.tv.live.SourceManager$SourceItem: boolean autoUpdate
com.tv.live.Channel: java.util.List backupUrls
com.tv.live.Channel: java.lang.String group
com.tv.live.MainActivity: android.widget.ScrollView logScrollView
com.tv.live.MainActivity: java.lang.Runnable logUpdateRunnable
com.tv.live.MainActivity: android.os.Handler mMainHandler
com.tv.live.MainActivity: com.tv.live.SettingsDialog settingsDialog
com.tv.live.SourceManager$SourceItem: java.lang.String name
com.tv.live.MainActivity: boolean isOpeningSettings
com.tv.live.SourceManager$SourceItem: java.lang.String url
com.tv.live.BootReceiver: java.lang.String TAG
com.tv.live.MainActivity: int longPressKeyCode
com.tv.live.Channel: java.lang.String name
com.tv.live.MainActivity: androidx.appcompat.app.AlertDialog exitMenuDialog
com.tv.live.Channel$EpgItem: boolean isPlaying
...
com.huya.berry.client.R$dimen: int mtp_dp321
io.reactivex.internal.operators.maybe.MaybeFlatMapIterableFlowable$FlatMapIterableObserver: org.reactivestreams.Subscriber downstream
com.huya.berry.sdklivelist.R$styleable: int AnimatedStateListDrawableTransition_android_reversible
com.huya.live.common.base.channelinfo.R$styleable: int View_sel_background_corner_topLeft
okio.Buffer$UnsafeCursor: int start
io.reactivex.internal.operators.observable.ObservableIgnoreElements$IgnoreObservable: io.reactivex.Observer downstream
io.reactivex.internal.operators.flowable.FlowableFromIterable$IteratorSubscription: long serialVersionUID
com.huya.live.common.base.channelinfo.R$attr: int searchViewStyle
androidx.media3.common.Format: java.lang.String UNUSED_FIELD_METADATA
com.huya.berry.sdklivelist.R$dimen: int mtp_dp236
com.huya.berry.sdklive.R$drawable: int hyberry_mic_ban_icon
okhttp3.Cookie: java.lang.String path
io.reactivex.internal.operators.observable.ObservableInternalHelper$BufferedTimedReplayCallable: java.util.concurrent.TimeUnit unit
com.huya.berry.sdkplayer.floats.view.PlayerViewUi$11: com.huya.berry.sdkplayer.floats.view.PlayerViewUi this$0
com.huya.berry.sdklive.liveTool.LiveToolView: int MESSAGE_CONTAINER_WIDTH
io.reactivex.internal.operators.mixed.FlowableSwitchMapMaybe$SwitchMapMaybeSubscriber: io.reactivex.internal.util.AtomicThrowable errors
com.huya.berry.module.R$styleable: int AppCompatTheme_actionModeWebSearchDrawable
com.huya.berry.sdkplayer.R$styleable: int GradientColor_android_type
com.huya.mtp.utils.ConfigWithTimeout: android.content.Context mContext
io.reactivex.internal.observers.SubscriberCompletableObserver: org.reactivestreams.Subscriber subscriber
io.reactivex.internal.operators.mixed.FlowableSwitchMapMaybe$SwitchMapMaybeSubscriber: io.reactivex.functions.Function mapper
com.huya.hysignal.wrapper.HySignalWrapper$15: java.util.ArrayList val$vGroupId
com.huya.berry.sdkplayer.R$dimen: int mtp_dp179
com.huya.mtp.hyns.NSHttpProtocol$NSCallImpl$1: com.huya.mtp.hyns.NSHttpProtocol$NSCallImpl this$0
com.huya.live.common.base.channelinfo.R$style: int NotificationText
com.huya.berry.module.R$dimen: int mtp_dp237_half
com.huya.live.utils.R$color: int abc_hint_foreground_material_light
io.reactivex.internal.operators.flowable.FlowableScan$ScanSubscriber: boolean done
com.huya.berry.sdklivelist.R$id: int top_bar
com.huya.berry.sdkplayer.R$styleable: int AppCompatTheme_actionModeSelectAllDrawable
com.huya.hysignal.wrapper.HySignalWrapper$11$1$1: com.huya.hysignal.wrapper.HySignalWrapper$11$1 this$2
okhttp3.FormBody: okhttp3.FormBody$Companion Companion
com.huya.berry.module.R$dimen: int mtp_dp350
com.huya.berry.sdkplayer.R$color: int abc_secondary_text_material_dark
okhttp3.internal.platform.android.BouncyCastleSocketAdapter: okhttp3.internal.platform.android.BouncyCastleSocketAdapter$Companion Companion
androidx.media3.common.C: int PRIORITY_PLAYBACK
com.huya.berry.sdklive.R$dimen: int mtp_dp53_half
com.huya.hyhttpdns.dns.HttpDnsConfig$Builder: com.huya.hyhttpdns.dns.HttpDnsReportListener httpDnsreportListener
com.huya.live.utils.R$styleable: int[] FontFamily
io.reactivex.internal.operators.parallel.ParallelReduce$ParallelReduceSubscriber: io.reactivex.functions.BiFunction reducer
okio.SegmentPool: okio.Segment LOCK
io.reactivex.internal.operators.flowable.FlowableThrottleFirstTimed$DebounceTimedSubscriber: boolean gate
io.reactivex.internal.operators.observable.ObservableIntervalRange$IntervalRangeObserver: io.reactivex.Observer downstream
com.huya.berry.sdklive.R$attr: int backgroundTint
com.huya.berry.sdklive.R$style: int Base_TextAppearance_AppCompat_Display4
com.huya.live.utils.R$string: int network_error_retry
com.huya.berry.sdklive.R$color: int hyberry_color_555555
com.huya.berry.client.R$drawable: int hyberry_live_chat_expand_btn
com.huya.berry.sdklive.R$dimen: int mtp_dp292_half
com.huya.berry.sdklive.R$dimen: int mtp_dp47_half
com.huya.mtp.downloader.R$dimen: int mtp_dp61_half